INFO  time: initialize in 0.19s
WARN  no build target: /home/nate/code/bli-tool/src/main/scala/Main.scala
INFO  no build target: using presentation compiler with only scala-library
INFO  running '/usr/lib/jvm/java-11-openjdk-amd64/bin/java -Djline.terminal=jline.UnsupportedTerminal -Dsbt.log.noformat=true -Dfile.encoding=UTF-8 -jar /tmp/metals7135396165341350232/sbt-launch.jar metalsEnable bloopInstall'
INFO  [info] Loading settings for project global-plugins from metals.sbt ...
INFO  [info] Loading global plugins from /home/nate/.sbt/1.0/plugins
INFO  [info] Updating ProjectRef(uri("file:/home/nate/.sbt/1.0/plugins/"), "global-plugins")...
INFO  [info] downloading https://repo1.maven.org/maven2/ch/epfl/scala/sbt-bloop_2.12_1.0/1.3.2/sbt-bloop-1.3.2.jar ...
INFO  [info] downloading https://repo1.maven.org/maven2/ch/epfl/scala/bloop-config_2.12/1.3.2/bloop-config_2.12-1.3.2.jar ...
INFO  [info] downloading https://repo1.maven.org/maven2/io/circe/circe-parser_2.12/0.9.3/circe-parser_2.12-0.9.3.jar ...
INFO  [info] downloading https://repo1.maven.org/maven2/io/circe/circe-derivation_2.12/0.9.0-M3/circe-derivation_2.12-0.9.0-M3.jar ...
INFO  [info] downloading https://repo1.maven.org/maven2/org/scalameta/sbt-metals_2.12_1.0/0.6.1/sbt-metals-0.6.1.jar ...
INFO  [info] downloading https://repo1.maven.org/maven2/io/circe/circe-jawn_2.12/0.9.3/circe-jawn_2.12-0.9.3.jar ...
INFO  [info] 	[SUCCESSFUL ] io.circe#circe-parser_2.12;0.9.3!circe-parser_2.12.jar (234ms)
INFO  [info] downloading https://repo1.maven.org/maven2/io/circe/circe-core_2.12/0.9.3/circe-core_2.12-0.9.3.jar ...
INFO  [info] 	[SUCCESSFUL ] io.circe#circe-jawn_2.12;0.9.3!circe-jawn_2.12.jar (220ms)
INFO  [info] 	[SUCCESSFUL ] org.scalameta#sbt-metals;0.6.1!sbt-metals.jar (262ms)
INFO  [info] 	[SUCCESSFUL ] ch.epfl.scala#bloop-config_2.12;1.3.2!bloop-config_2.12.jar (262ms)
INFO  [info] downloading https://repo1.maven.org/maven2/io/circe/circe-numbers_2.12/0.9.3/circe-numbers_2.12-0.9.3.jar ...
INFO  [info] 	[SUCCESSFUL ] io.circe#circe-derivation_2.12;0.9.0-M3!circe-derivation_2.12.jar (268ms)
INFO  [info] 	[SUCCESSFUL ] ch.epfl.scala#sbt-bloop;1.3.2!sbt-bloop.jar (537ms)
INFO  [info] downloading https://repo1.maven.org/maven2/org/spire-math/jawn-parser_2.12/0.11.1/jawn-parser_2.12-0.11.1.jar ...
INFO  [info] downloading https://repo1.maven.org/maven2/org/typelevel/cats-core_2.12/1.0.1/cats-core_2.12-1.0.1.jar ...
INFO  [info] downloading https://repo1.maven.org/maven2/org/typelevel/cats-macros_2.12/1.0.1/cats-macros_2.12-1.0.1.jar ...
INFO  [info] downloading https://repo1.maven.org/maven2/org/typelevel/cats-kernel_2.12/1.0.1/cats-kernel_2.12-1.0.1.jar ...
INFO  [info] 	[SUCCESSFUL ] org.spire-math#jawn-parser_2.12;0.11.1!jawn-parser_2.12.jar (1081ms)
INFO  [info] 	[SUCCESSFUL ] org.typelevel#cats-macros_2.12;1.0.1!cats-macros_2.12.jar (1054ms)
INFO  [info] 	[SUCCESSFUL ] io.circe#circe-core_2.12;0.9.3!circe-core_2.12.jar (1131ms)
INFO  [info] 	[SUCCESSFUL ] io.circe#circe-numbers_2.12;0.9.3!circe-numbers_2.12.jar (1104ms)
INFO  [info] downloading https://repo1.maven.org/maven2/org/typelevel/machinist_2.12/0.6.2/machinist_2.12-0.6.2.jar ...
INFO  [info] 	[SUCCESSFUL ] org.typelevel#cats-core_2.12;1.0.1!cats-core_2.12.jar (1088ms)
INFO  [info] 	[SUCCESSFUL ] org.typelevel#cats-kernel_2.12;1.0.1!cats-kernel_2.12.jar (1088ms)
INFO  [info] 	[SUCCESSFUL ] org.typelevel#machinist_2.12;0.6.2!machinist_2.12.jar (87ms)
INFO  [info] Done updating.
INFO  [info] Loading project definition from /home/nate/code/bli-tool/project
INFO  [info] Updating ProjectRef(uri("file:/home/nate/code/bli-tool/project/"), "bli-tool-build")...
INFO  [info] Done updating.
INFO  [success] Generated .bloop/bli-tool-build.json
INFO  [success] Total time: 2 s, completed Sep 24, 2019, 6:45:17 PM
INFO  [info] Updating ProjectRef(uri("file:/home/nate/code/bli-tool/project/"), "bli-tool-build")...
INFO  [info] Done updating.
INFO  [info] Loading settings for project bli-tool from build.sbt ...
INFO  [info] Set current project to bli-cli (in build file:/home/nate/code/bli-tool/)
INFO  [info] Set current project to bli-cli (in build file:/home/nate/code/bli-tool/)
INFO  [info] semanticdb-scalac is enabled
INFO  [info] Updating ...
INFO  [info] downloading https://repo1.maven.org/maven2/org/scalameta/semanticdb-scalac_2.12.8/4.1.9/semanticdb-scalac_2.12.8-4.1.9.jar ...
INFO  [info] 	[SUCCESSFUL ] org.scalameta#semanticdb-scalac_2.12.8;4.1.9!semanticdb-scalac_2.12.8.jar (1406ms)
INFO  [info] Done updating.
INFO  [info] downloading https://repo1.maven.org/maven2/org/typelevel/machinist_2.12/0.6.6/machinist_2.12-0.6.6-sources.jar ...
INFO  [info] downloading https://repo1.maven.org/maven2/org/typelevel/cats-core_2.12/1.6.0/cats-core_2.12-1.6.0-sources.jar ...
INFO  [info] downloading https://repo1.maven.org/maven2/org/scala-lang/scala-library/2.12.8/scala-library-2.12.8-sources.jar ...
INFO  [info] downloading https://repo1.maven.org/maven2/org/typelevel/cats-macros_2.12/1.6.0/cats-macros_2.12-1.6.0-sources.jar ...
INFO  [info] downloading https://repo1.maven.org/maven2/org/scala-lang/scala-reflect/2.12.8/scala-reflect-2.12.8-sources.jar ...
INFO  [info] downloading https://repo1.maven.org/maven2/org/typelevel/cats-kernel_2.12/1.6.0/cats-kernel_2.12-1.6.0-sources.jar ...
INFO  [info] 	[SUCCESSFUL ] org.typelevel#machinist_2.12;0.6.6!machinist_2.12.jar(src) (341ms)
INFO  [info] 	[SUCCESSFUL ] org.typelevel#cats-core_2.12;1.6.0!cats-core_2.12.jar(src) (344ms)
INFO  [info] 	[SUCCESSFUL ] org.typelevel#cats-macros_2.12;1.6.0!cats-macros_2.12.jar(src) (360ms)
INFO  [info] downloading https://repo1.maven.org/maven2/org/scalameta/semanticdb-scalac_2.12.8/4.1.9/semanticdb-scalac_2.12.8-4.1.9-sources.jar ...
INFO  [info] downloading https://repo1.maven.org/maven2/com/lihaoyi/requests_2.12/0.2.0/requests_2.12-0.2.0-sources.jar ...
INFO  [info] downloading https://repo1.maven.org/maven2/org/scala-lang/modules/scala-xml_2.12/1.0.6/scala-xml_2.12-1.0.6-sources.jar ...
INFO  [info] 	[SUCCESSFUL ] org.typelevel#cats-kernel_2.12;1.6.0!cats-kernel_2.12.jar(src) (411ms)
INFO  [info] downloading https://repo1.maven.org/maven2/org/scala-lang/scala-compiler/2.12.8/scala-compiler-2.12.8-sources.jar ...
INFO  [info] 	[SUCCESSFUL ] org.scala-lang#scala-reflect;2.12.8!scala-reflect.jar(src) (568ms)
INFO  [info] 	[SUCCESSFUL ] org.scala-lang#scala-library;2.12.8!scala-library.jar(src) (590ms)
INFO  [info] downloading https://repo1.maven.org/maven2/jline/jline/2.14.6/jline-2.14.6-sources.jar ...
INFO  [info] 	[SUCCESSFUL ] com.lihaoyi#requests_2.12;0.2.0!requests_2.12.jar(src) (317ms)
INFO  [info] 	[SUCCESSFUL ] org.scalameta#semanticdb-scalac_2.12.8;4.1.9!semanticdb-scalac_2.12.8.jar(src) (315ms)
INFO  [info] 	[SUCCESSFUL ] org.scala-lang.modules#scala-xml_2.12;1.0.6!scala-xml_2.12.jar(src) (319ms)
INFO  [info] 	[SUCCESSFUL ] jline#jline;2.14.6!jline.jar(src) (213ms)
INFO  [info] 	[SUCCESSFUL ] org.scala-lang#scala-compiler;2.12.8!scala-compiler.jar(src) (372ms)
INFO  [success] Generated .bloop/bli-tool-test.json
INFO  [success] Generated .bloop/bli-tool.json
INFO  [success] Total time: 3 s, completed Sep 24, 2019, 6:45:23 PM
INFO  build tool exit: 0
INFO  time: ran 'sbt bloopInstall' in 36s
something's wrong: no file:///home/nate/code/bli-tool/src/main/scala/Main.scala in Option[<error>]RangePosition(file:///home/nate/code/bli-tool/src/main/scala/Main.scala, 275, 275, 291)
something's wrong: no file:///home/nate/code/bli-tool/src/main/scala/Main.scala in Option[<error>]RangePosition(file:///home/nate/code/bli-tool/src/main/scala/Main.scala, 275, 275, 285)
something's wrong: no file:///home/nate/code/bli-tool/src/main/scala/Main.scala in Option[Command]RangePosition(file:///home/nate/code/bli-tool/src/main/scala/Main.scala, 275, 275, 290)
something's wrong: no file:///home/nate/code/bli-tool/src/main/scala/Main.scala in Option[Command]RangePosition(file:///home/nate/code/bli-tool/src/main/scala/Main.scala, 275, 275, 290)
something's wrong: no file:///home/nate/code/bli-tool/src/main/scala/Main.scala in Option[Command]RangePosition(file:///home/nate/code/bli-tool/src/main/scala/Main.scala, 275, 275, 290)
WARN  code navigation does not work for the file '/home/nate/code/bli-tool/src/main/scala/Main.scala' because it doesn't belong to a build target.
WARN  code navigation does not work for the file '/home/nate/code/bli-tool/src/main/scala/Main.scala' because it doesn't belong to a build target.
WARN  code navigation does not work for the file '/home/nate/code/bli-tool/src/main/scala/Main.scala' because it doesn't belong to a build target.
WARN  no build target: /home/nate/code/bli-tool/src/main/scala/Main.scala
WARN  no build target: 
WARN  code navigation does not work for the file '/home/nate/code/bli-tool/src/main/scala/Main.scala' because it doesn't belong to a build target.
WARN  code navigation does not work for the file '/home/nate/code/bli-tool/src/main/scala/Main.scala' because it doesn't belong to a build target.
WARN  code navigation does not work for the file '/home/nate/code/bli-tool/src/main/scala/Main.scala' because it doesn't belong to a build target.
WARN  code navigation does not work for the file '/home/nate/code/bli-tool/src/main/scala/Main.scala' because it doesn't belong to a build target.
WARN  no build target: /home/nate/code/bli-tool/src/main/scala/Main.scala
WARN  no build target: 
WARN  code navigation does not work for the file '/home/nate/code/bli-tool/src/main/scala/Main.scala' because it doesn't belong to a build target.
WARN  code navigation does not work for the file '/home/nate/code/bli-tool/src/main/scala/Main.scala' because it doesn't belong to a build target.
WARN  no build target: /home/nate/code/bli-tool/src/main/scala/Main.scala
WARN  no build target: 
WARN  code navigation does not work for the file '/home/nate/code/bli-tool/src/main/scala/Main.scala' because it doesn't belong to a build target.
WARN  no build target: /home/nate/code/bli-tool/src/main/scala/Main.scala
WARN  no build target: 
WARN  code navigation does not work for the file '/home/nate/code/bli-tool/src/main/scala/Main.scala' because it doesn't belong to a build target.
WARN  no build target: /home/nate/code/bli-tool/src/main/scala/Main.scala
WARN  no build target: 
Sep 24, 2019 7:52:18 PM org.eclipse.lsp4j.jsonrpc.RemoteEndpoint handleCancellation
WARNING: Unmatched cancel notification for request id 989
WARN  no build target: /home/nate/code/bli-tool/src/main/scala/Main.scala
WARN  no build target: 
WARN  no build target: /home/nate/code/bli-tool/src/main/scala/Main.scala
WARN  no build target: 
WARN  no build target: /home/nate/code/bli-tool/src/main/scala/Main.scala
WARN  no build target: 
WARN  code navigation does not work for the file '/home/nate/code/bli-tool/src/main/scala/Main.scala' because it doesn't belong to a build target.
WARN  code navigation does not work for the file '/home/nate/code/bli-tool/src/main/scala/Main.scala' because it doesn't belong to a build target.
WARN  no build target: /home/nate/code/bli-tool/src/main/scala/Main.scala
WARN  no build target: 
WARN  code navigation does not work for the file '/home/nate/code/bli-tool/src/main/scala/Main.scala' because it doesn't belong to a build target.
WARN  no build target: /home/nate/code/bli-tool/src/main/scala/Main.scala
WARN  no build target: 
WARN  no build target: /home/nate/code/bli-tool/src/main/scala/Main.scala
WARN  no build target: 
WARN  code navigation does not work for the file '/home/nate/code/bli-tool/src/main/scala/Main.scala' because it doesn't belong to a build target.
WARN  no build target: /home/nate/code/bli-tool/src/main/scala/Main.scala
WARN  no build target: 
WARN  code navigation does not work for the file '/home/nate/code/bli-tool/src/main/scala/Main.scala' because it doesn't belong to a build target.
WARN  no build target: /home/nate/code/bli-tool/src/main/scala/Main.scala
WARN  no build target: 
WARN  code navigation does not work for the file '/home/nate/code/bli-tool/src/main/scala/Main.scala' because it doesn't belong to a build target.
WARN  no build target: /home/nate/code/bli-tool/src/main/scala/Main.scala
WARN  no build target: 
WARN  no build target: /home/nate/code/bli-tool/src/main/scala/Main.scala
WARN  no build target: 
WARN  no build target: /home/nate/code/bli-tool/src/main/scala/Main.scala
WARN  no build target: 
WARN  code navigation does not work for the file '/home/nate/code/bli-tool/src/main/scala/Main.scala' because it doesn't belong to a build target.
WARN  no build target: /home/nate/code/bli-tool/src/main/scala/Main.scala
WARN  no build target: 
WARN  no build target: /home/nate/code/bli-tool/src/main/scala/Main.scala
WARN  no build target: 
WARN  no build target: /home/nate/code/bli-tool/src/main/scala/Main.scala
WARN  no build target: 
WARN  no build target: /home/nate/code/bli-tool/src/main/scala/Main.scala
WARN  no build target: 
WARN  no build target: /home/nate/code/bli-tool/src/main/scala/Main.scala
WARN  no build target: 
WARN  no build target: /home/nate/code/bli-tool/src/main/scala/Commands.scala
WARN  no build target: /home/nate/code/bli-tool/src/main/scala/Commands.scala
WARN  code navigation does not work for the file '/home/nate/code/bli-tool/src/main/scala/Main.scala' because it doesn't belong to a build target.
WARN  code navigation does not work for the file '/home/nate/code/bli-tool/src/main/scala/Commands.scala' because it doesn't belong to a build target.
WARN  no build target: /home/nate/code/bli-tool/src/main/scala/Commands.scala
WARN  no build target: 
WARN  no build target: /home/nate/code/bli-tool/src/main/scala/Commands.scala
WARN  no build target: 
WARN  code navigation does not work for the file '/home/nate/code/bli-tool/src/main/scala/Main.scala' because it doesn't belong to a build target.
WARN  no build target: /home/nate/code/bli-tool/src/main/scala/Main.scala
WARN  no build target: 
WARN  no build target: /home/nate/code/bli-tool/src/main/scala/Commands.scala
WARN  no build target: 
WARN  code navigation does not work for the file '/home/nate/code/bli-tool/src/main/scala/Commands.scala' because it doesn't belong to a build target.
WARN  no build target: /home/nate/code/bli-tool/src/main/scala/Commands/Parse.scala
WARN  no build target: /home/nate/code/bli-tool/src/main/scala/Commands/Parse.scala
WARN  no build target: /home/nate/code/bli-tool/src/main/scala/Commands/Parse.scala
WARN  no build target: 
WARN  code navigation does not work for the file '/home/nate/code/bli-tool/src/main/scala/Main.scala' because it doesn't belong to a build target.
WARN  code navigation does not work for the file '/home/nate/code/bli-tool/src/main/scala/Main.scala' because it doesn't belong to a build target.
WARN  code navigation does not work for the file '/home/nate/code/bli-tool/src/main/scala/Main.scala' because it doesn't belong to a build target.
WARN  code navigation does not work for the file '/home/nate/code/bli-tool/src/main/scala/Main.scala' because it doesn't belong to a build target.
WARN  code navigation does not work for the file '/home/nate/code/bli-tool/src/main/scala/Main.scala' because it doesn't belong to a build target.
WARN  code navigation does not work for the file '/home/nate/code/bli-tool/src/main/scala/Main.scala' because it doesn't belong to a build target.
WARN  code navigation does not work for the file '/home/nate/code/bli-tool/src/main/scala/Main.scala' because it doesn't belong to a build target.
WARN  code navigation does not work for the file '/home/nate/code/bli-tool/src/main/scala/Main.scala' because it doesn't belong to a build target.
WARN  code navigation does not work for the file '/home/nate/code/bli-tool/src/main/scala/Main.scala' because it doesn't belong to a build target.
WARN  code navigation does not work for the file '/home/nate/code/bli-tool/src/main/scala/Main.scala' because it doesn't belong to a build target.
WARN  code navigation does not work for the file '/home/nate/code/bli-tool/src/main/scala/Main.scala' because it doesn't belong to a build target.
WARN  no build target: /home/nate/code/bli-tool/src/main/scala/Commands/Parse.scala
WARN  no build target: 
WARN  no build target: /home/nate/code/bli-tool/src/main/scala/Commands.scala
WARN  no build target: 
WARN  code navigation does not work for the file '/home/nate/code/bli-tool/src/main/scala/Main.scala' because it doesn't belong to a build target.
WARN  code navigation does not work for the file '/home/nate/code/bli-tool/src/main/scala/Main.scala' because it doesn't belong to a build target.
WARN  no build target: /home/nate/code/bli-tool/src/main/scala/Commands/Handlers.scala
WARN  no build target: /home/nate/code/bli-tool/src/main/scala/Commands/Handlers.scala
WARN  no build target: /home/nate/code/bli-tool/src/main/scala/Commands/Handlers.scala
WARN  no build target: 
WARN  code navigation does not work for the file '/home/nate/code/bli-tool/src/main/scala/Main.scala' because it doesn't belong to a build target.
WARN  no build target: /home/nate/code/bli-tool/src/main/scala/Main.scala
WARN  no build target: 
WARN  no build target: /home/nate/code/bli-tool/src/main/scala/Commands/Parse.scala
WARN  no build target: 
WARN  code navigation does not work for the file '/home/nate/code/bli-tool/src/main/scala/Commands/Parse.scala' because it doesn't belong to a build target.
WARN  no build target: /home/nate/code/bli-tool/src/main/scala/Commands/Parse.scala
WARN  no build target: 
WARN  code navigation does not work for the file '/home/nate/code/bli-tool/src/main/scala/Main.scala' because it doesn't belong to a build target.
WARN  no build target: /home/nate/code/bli-tool/src/main/scala/Main.scala
WARN  no build target: 
WARN  no build target: /home/nate/code/bli-tool/src/main/scala/Commands/Handlers.scala
WARN  no build target: 
WARN  code navigation does not work for the file '/home/nate/code/bli-tool/src/main/scala/Main.scala' because it doesn't belong to a build target.
WARN  code navigation does not work for the file '/home/nate/code/bli-tool/src/main/scala/Main.scala' because it doesn't belong to a build target.
WARN  no build target: /home/nate/code/bli-tool/src/main/scala/Main.scala
WARN  no build target: 
WARN  code navigation does not work for the file '/home/nate/code/bli-tool/src/main/scala/Main.scala' because it doesn't belong to a build target.
WARN  no build target: /home/nate/code/bli-tool/src/main/scala/Main.scala
WARN  no build target: 
WARN  code navigation does not work for the file '/home/nate/code/bli-tool/src/main/scala/Commands.scala' because it doesn't belong to a build target.
WARN  no build target: /home/nate/code/bli-tool/src/main/scala/Commands.scala
WARN  no build target: 
WARN  no build target: /home/nate/code/bli-tool/src/main/scala/Commands/Parse.scala
WARN  no build target: 
WARN  no build target: /home/nate/code/bli-tool/src/main/scala/Commands/Handlers.scala
WARN  no build target: 
WARN  code navigation does not work for the file '/home/nate/code/bli-tool/src/main/scala/Main.scala' because it doesn't belong to a build target.
WARN  no build target: /home/nate/code/bli-tool/src/main/scala/Main.scala
WARN  no build target: 
WARN  no build target: /home/nate/code/bli-tool/src/main/scala/Commands/Handlers.scala
WARN  no build target: 
WARN  no build target: /home/nate/code/bli-tool/project/assembly.sbt
  /home/nate/code/bli-tool/project/assembly.sbt
  /home/nate/code/bli-tool/project/assembly.sbt
INFO  running '/usr/lib/jvm/java-11-openjdk-amd64/bin/java -Djline.terminal=jline.UnsupportedTerminal -Dsbt.log.noformat=true -Dfile.encoding=UTF-8 -jar /tmp/metals1497844253016795381/sbt-launch.jar metalsEnable bloopInstall'
INFO  [info] Loading settings for project global-plugins from metals.sbt ...
INFO  [info] Loading global plugins from /home/nate/.sbt/1.0/plugins
INFO  [info] Updating ProjectRef(uri("file:/home/nate/.sbt/1.0/plugins/"), "global-plugins")...
INFO  [info] Done updating.
INFO  [info] Loading settings for project bli-tool-build from assembly.sbt ...
INFO  [info] Loading project definition from /home/nate/code/bli-tool/project
INFO  [info] Updating ProjectRef(uri("file:/home/nate/code/bli-tool/project/"), "bli-tool-build")...
INFO  [info] Done updating.
INFO  [warn] There may be incompatibilities among your library dependencies; run 'evicted' to see detailed eviction warnings.
INFO  [success] Generated .bloop/bli-tool-build.json
INFO  [success] Total time: 2 s, completed Sep 24, 2019, 8:37:12 PM
INFO  [info] Updating ProjectRef(uri("file:/home/nate/code/bli-tool/project/"), "bli-tool-build")...
INFO  [info] Done updating.
INFO  [warn] There may be incompatibilities among your library dependencies; run 'evicted' to see detailed eviction warnings.
INFO  [info] Loading settings for project bli-tool from build.sbt ...
INFO  [info] Set current project to bli-cli (in build file:/home/nate/code/bli-tool/)
INFO  [info] Set current project to bli-cli (in build file:/home/nate/code/bli-tool/)
INFO  [info] semanticdb-scalac is enabled
INFO  [info] Updating ...
INFO  [info] Done updating.
INFO  [success] Generated .bloop/bli-tool.json
INFO  [success] Generated .bloop/bli-tool-test.json
INFO  [success] Total time: 0 s, completed Sep 24, 2019, 8:37:16 PM
INFO  build tool exit: 0
INFO  time: ran 'sbt bloopInstall' in 11s
WARN  code navigation does not work for the file '/home/nate/code/bli-tool/src/main/scala/Commands/Handlers.scala' because it doesn't belong to a build target.
WARN  no build target: /home/nate/code/bli-tool/src/main/scala/Commands/Handlers.scala
WARN  no build target: 
WARN  code navigation does not work for the file '/home/nate/code/bli-tool/src/main/scala/Commands/Handlers.scala' because it doesn't belong to a build target.
WARN  no build target: /home/nate/code/bli-tool/src/main/scala/Commands/Handlers.scala
WARN  no build target: 
WARN  code navigation does not work for the file '/home/nate/code/bli-tool/src/main/scala/Commands.scala' because it doesn't belong to a build target.
WARN  code navigation does not work for the file '/home/nate/code/bli-tool/src/main/scala/Commands.scala' because it doesn't belong to a build target.
WARN  code navigation does not work for the file '/home/nate/code/bli-tool/src/main/scala/Commands.scala' because it doesn't belong to a build target.
WARN  code navigation does not work for the file '/home/nate/code/bli-tool/src/main/scala/Commands.scala' because it doesn't belong to a build target.
WARN  code navigation does not work for the file '/home/nate/code/bli-tool/src/main/scala/Commands/Handlers.scala' because it doesn't belong to a build target.
WARN  code navigation does not work for the file '/home/nate/code/bli-tool/src/main/scala/Commands.scala' because it doesn't belong to a build target.
WARN  code navigation does not work for the file '/home/nate/code/bli-tool/src/main/scala/Commands/Handlers.scala' because it doesn't belong to a build target.
WARN  code navigation does not work for the file '/home/nate/code/bli-tool/src/main/scala/Commands.scala' because it doesn't belong to a build target.
WARN  code navigation does not work for the file '/home/nate/code/bli-tool/src/main/scala/Commands/Handlers.scala' because it doesn't belong to a build target.
WARN  code navigation does not work for the file '/home/nate/code/bli-tool/src/main/scala/Commands.scala' because it doesn't belong to a build target.
WARN  code navigation does not work for the file '/home/nate/code/bli-tool/src/main/scala/Commands/Handlers.scala' because it doesn't belong to a build target.
WARN  code navigation does not work for the file '/home/nate/code/bli-tool/src/main/scala/Commands.scala' because it doesn't belong to a build target.
WARN  code navigation does not work for the file '/home/nate/code/bli-tool/src/main/scala/Commands/Handlers.scala' because it doesn't belong to a build target.
WARN  code navigation does not work for the file '/home/nate/code/bli-tool/src/main/scala/Commands.scala' because it doesn't belong to a build target.
WARN  code navigation does not work for the file '/home/nate/code/bli-tool/src/main/scala/Commands/Handlers.scala' because it doesn't belong to a build target.
WARN  code navigation does not work for the file '/home/nate/code/bli-tool/src/main/scala/Commands.scala' because it doesn't belong to a build target.
WARN  code navigation does not work for the file '/home/nate/code/bli-tool/src/main/scala/Commands/Handlers.scala' because it doesn't belong to a build target.
WARN  no build target: /home/nate/code/bli-tool/src/main/scala/Commands/Handlers.scala
WARN  no build target: 
WARN  no build target: /home/nate/code/bli-tool/src/main/scala/Commands/Handlers.scala
WARN  no build target: 
WARN  no build target: /home/nate/code/bli-tool/src/main/scala/Commands/Handlers.scala
WARN  no build target: 
WARN  no build target: /home/nate/code/bli-tool/src/main/scala/Commands/Handlers.scala
WARN  no build target: 
WARN  code navigation does not work for the file '/home/nate/code/bli-tool/src/main/scala/Commands/Handlers.scala' because it doesn't belong to a build target.
WARN  no build target: /home/nate/code/bli-tool/src/main/scala/Commands/Handlers.scala
WARN  no build target: 
something's wrong: no file:///home/nate/code/bli-tool/src/main/scala/Commands/Parse.scala in Array[String]RangePosition(file:///home/nate/code/bli-tool/src/main/scala/Commands/Parse.scala, 156, 156, 168)
something's wrong: no file:///home/nate/code/bli-tool/src/main/scala/Commands/Parse.scala in Array[String]RangePosition(file:///home/nate/code/bli-tool/src/main/scala/Commands/Parse.scala, 156, 156, 168)
something's wrong: no file:///home/nate/code/bli-tool/src/main/scala/Commands/Parse.scala in Array[String]RangePosition(file:///home/nate/code/bli-tool/src/main/scala/Commands/Parse.scala, 156, 156, 168)
something's wrong: no file:///home/nate/code/bli-tool/src/main/scala/Commands/Parse.scala in Array[String]RangePosition(file:///home/nate/code/bli-tool/src/main/scala/Commands/Parse.scala, 156, 156, 169)
something's wrong: no file:///home/nate/code/bli-tool/src/main/scala/Commands/Parse.scala in Array[String]RangePosition(file:///home/nate/code/bli-tool/src/main/scala/Commands/Parse.scala, 156, 156, 169)
WARN  code navigation does not work for the file '/home/nate/code/bli-tool/src/main/scala/Main.scala' because it doesn't belong to a build target.
WARN  code navigation does not work for the file '/home/nate/code/bli-tool/src/main/scala/Main.scala' because it doesn't belong to a build target.
WARN  code navigation does not work for the file '/home/nate/code/bli-tool/src/main/scala/Main.scala' because it doesn't belong to a build target.
WARN  code navigation does not work for the file '/home/nate/code/bli-tool/src/main/scala/Main.scala' because it doesn't belong to a build target.
WARN  code navigation does not work for the file '/home/nate/code/bli-tool/src/main/scala/Commands/Parse.scala' because it doesn't belong to a build target.
WARN  code navigation does not work for the file '/home/nate/code/bli-tool/src/main/scala/Commands/Parse.scala' because it doesn't belong to a build target.
WARN  code navigation does not work for the file '/home/nate/code/bli-tool/src/main/scala/Commands/Parse.scala' because it doesn't belong to a build target.
WARN  code navigation does not work for the file '/home/nate/code/bli-tool/src/main/scala/Commands/Parse.scala' because it doesn't belong to a build target.
WARN  no build target: /home/nate/code/bli-tool/src/main/scala/Commands/Parse.scala
WARN  no build target: 
something's wrong: no file:///home/nate/code/bli-tool/src/main/scala/Commands/Parse.scala in Option[Command]RangePosition(file:///home/nate/code/bli-tool/src/main/scala/Commands/Parse.scala, 305, 305, 320)
WARN  code navigation does not work for the file '/home/nate/code/bli-tool/src/main/scala/Commands/Parse.scala' because it doesn't belong to a build target.
WARN  code navigation does not work for the file '/home/nate/code/bli-tool/src/main/scala/Commands/Parse.scala' because it doesn't belong to a build target.
WARN  code navigation does not work for the file '/home/nate/code/bli-tool/src/main/scala/Commands/Parse.scala' because it doesn't belong to a build target.
WARN  code navigation does not work for the file '/home/nate/code/bli-tool/src/main/scala/Commands/Parse.scala' because it doesn't belong to a build target.
WARN  no build target: /home/nate/code/bli-tool/src/main/scala/Commands/Parse.scala
WARN  no build target: 
WARN  no build target: /home/nate/code/bli-tool/src/main/scala/Commands/Parse.scala
WARN  no build target: 
WARN  code navigation does not work for the file '/home/nate/code/bli-tool/src/main/scala/Commands/Parse.scala' because it doesn't belong to a build target.
WARN  code navigation does not work for the file '/home/nate/code/bli-tool/src/main/scala/Commands/Parse.scala' because it doesn't belong to a build target.
WARN  code navigation does not work for the file '/home/nate/code/bli-tool/src/main/scala/Commands/Parse.scala' because it doesn't belong to a build target.
WARN  code navigation does not work for the file '/home/nate/code/bli-tool/src/main/scala/Commands/Parse.scala' because it doesn't belong to a build target.
WARN  no build target: /home/nate/code/bli-tool/src/main/scala/Commands/Parse.scala
WARN  no build target: 
WARN  no build target: /home/nate/code/bli-tool/src/main/scala/Commands/Parse.scala
WARN  no build target: 
WARN  no build target: /home/nate/code/bli-tool/src/main/scala/Commands/Parse.scala
WARN  no build target: 
WARN  no build target: /home/nate/code/bli-tool/src/main/scala/Commands/Parse.scala
WARN  no build target: 
WARN  no build target: /home/nate/code/bli-tool/src/main/scala/Commands/Parse.scala
WARN  no build target: 
WARN  code navigation does not work for the file '/home/nate/code/bli-tool/src/main/scala/Commands.scala' because it doesn't belong to a build target.
WARN  code navigation does not work for the file '/home/nate/code/bli-tool/src/main/scala/Commands.scala' because it doesn't belong to a build target.
WARN  code navigation does not work for the file '/home/nate/code/bli-tool/src/main/scala/Commands/Parse.scala' because it doesn't belong to a build target.
WARN  no build target: /home/nate/code/bli-tool/src/main/scala/Commands/Parse.scala
WARN  no build target: 
WARN  no build target: /home/nate/code/bli-tool/src/main/scala/Commands/Handlers.scala
WARN  no build target: 
WARN  code navigation does not work for the file '/home/nate/code/bli-tool/src/main/scala/Commands/Handlers.scala' because it doesn't belong to a build target.
WARN  no build target: /home/nate/code/bli-tool/src/main/scala/Commands/Handlers.scala
WARN  no build target: 
WARN  no build target: /home/nate/code/bli-tool/src/main/scala/Main.scala
WARN  no build target: 
WARN  code navigation does not work for the file '/home/nate/code/bli-tool/src/main/scala/Commands/Handlers.scala' because it doesn't belong to a build target.
WARN  code navigation does not work for the file '/home/nate/code/bli-tool/src/main/scala/Main.scala' because it doesn't belong to a build target.
WARN  code navigation does not work for the file '/home/nate/code/bli-tool/src/main/scala/Main.scala' because it doesn't belong to a build target.
WARN  no build target: /home/nate/code/bli-tool/src/main/scala/Main.scala
WARN  no build target: 
WARN  code navigation does not work for the file '/home/nate/code/bli-tool/src/main/scala/Commands/Handlers.scala' because it doesn't belong to a build target.
WARN  code navigation does not work for the file '/home/nate/code/bli-tool/src/main/scala/Main.scala' because it doesn't belong to a build target.
WARN  code navigation does not work for the file '/home/nate/code/bli-tool/src/main/scala/Main.scala' because it doesn't belong to a build target.
WARN  no build target: /home/nate/code/bli-tool/src/main/scala/Main.scala
WARN  no build target: 
WARN  code navigation does not work for the file '/home/nate/code/bli-tool/src/main/scala/Commands/Parse.scala' because it doesn't belong to a build target.
WARN  no build target: /home/nate/code/bli-tool/src/main/scala/Commands/Parse.scala
WARN  no build target: 
WARN  code navigation does not work for the file '/home/nate/code/bli-tool/src/main/scala/Commands/Parse.scala' because it doesn't belong to a build target.
WARN  no build target: /home/nate/code/bli-tool/src/main/scala/Commands/Parse.scala
WARN  no build target: 
WARN  code navigation does not work for the file '/home/nate/code/bli-tool/src/main/scala/Commands/Parse.scala' because it doesn't belong to a build target.
WARN  no build target: /home/nate/code/bli-tool/src/main/scala/Commands/Parse.scala
WARN  no build target: 
WARN  no build target: /home/nate/code/bli-tool/src/main/scala/Commands/Parse.scala
  /home/nate/code/bli-tool/src/main/scala/Commands/Parse.scala
WARN  no build target: /home/nate/code/bli-tool/src/main/scala/Commands/Parse.scala
WARN  code navigation does not work for the file '/home/nate/code/bli-tool/src/main/scala/Commands/Handlers.scala' because it doesn't belong to a build target.
WARN  no build target: /home/nate/code/bli-tool/src/main/scala/Commands/Handlers.scala
WARN  no build target: 
WARN  code navigation does not work for the file '/home/nate/code/bli-tool/src/main/scala/Commands/Parse.scala' because it doesn't belong to a build target.
WARN  no build target: /home/nate/code/bli-tool/src/main/scala/Commands/Parse.scala
WARN  no build target: 
WARN  no build target: /home/nate/code/bli-tool/src/main/scala/Commands/Handlers.scala
WARN  no build target: 
WARN  no build target: /home/nate/code/bli-tool/src/main/scala/Commands/Handlers.scala
WARN  no build target: 
WARN  code navigation does not work for the file '/home/nate/code/bli-tool/src/main/scala/Commands/Parse.scala' because it doesn't belong to a build target.
WARN  no build target: /home/nate/code/bli-tool/src/main/scala/Main.scala
WARN  no build target: 
WARN  code navigation does not work for the file '/home/nate/code/bli-tool/src/main/scala/Main.scala' because it doesn't belong to a build target.
WARN  no build target: /home/nate/code/bli-tool/src/main/scala/Main.scala
WARN  no build target: 
WARN  code navigation does not work for the file '/home/nate/code/bli-tool/src/main/scala/Commands/Handlers.scala' because it doesn't belong to a build target.
WARN  no build target: /home/nate/code/bli-tool/src/main/scala/Commands/Handlers.scala
WARN  no build target: 
WARN  code navigation does not work for the file '/home/nate/code/bli-tool/src/main/scala/Commands/Handlers.scala' because it doesn't belong to a build target.
WARN  no build target: /home/nate/code/bli-tool/src/main/scala/Commands/Handlers.scala
WARN  no build target: 
WARN  code navigation does not work for the file '/home/nate/code/bli-tool/src/main/scala/Commands/Handlers.scala' because it doesn't belong to a build target.
WARN  code navigation does not work for the file '/home/nate/code/bli-tool/src/main/scala/Main.scala' because it doesn't belong to a build target.
WARN  code navigation does not work for the file '/home/nate/code/bli-tool/src/main/scala/Main.scala' because it doesn't belong to a build target.
WARN  no build target: /home/nate/code/bli-tool/src/main/scala/Main.scala
WARN  no build target: 
WARN  no build target: /home/nate/code/bli-tool/src/main/scala/Commands/Parse.scala
WARN  no build target: 
WARN  code navigation does not work for the file '/home/nate/code/bli-tool/src/main/scala/Main.scala' because it doesn't belong to a build target.
WARN  no build target: /home/nate/code/bli-tool/src/main/scala/Main.scala
WARN  no build target: 
WARN  code navigation does not work for the file '/home/nate/code/bli-tool/src/main/scala/Main.scala' because it doesn't belong to a build target.
WARN  code navigation does not work for the file '/home/nate/code/bli-tool/src/main/scala/Main.scala' because it doesn't belong to a build target.
WARN  no build target: /home/nate/code/bli-tool/src/main/scala/Main.scala
WARN  no build target: 
WARN  no build target: /home/nate/code/bli-tool/src/main/scala/Main.scala
WARN  no build target: 
WARN  code navigation does not work for the file '/home/nate/code/bli-tool/src/main/scala/Commands.scala' because it doesn't belong to a build target.
WARN  code navigation does not work for the file '/home/nate/code/bli-tool/src/main/scala/Main.scala' because it doesn't belong to a build target.
WARN  code navigation does not work for the file '/home/nate/code/bli-tool/src/main/scala/Commands/Handlers.scala' because it doesn't belong to a build target.
WARN  no build target: /home/nate/code/bli-tool/src/main/scala/Commands/Handlers.scala
WARN  no build target: 
WARN  no build target: /home/nate/code/bli-tool/src/main/scala/Main.scala
WARN  no build target: 
WARN  code navigation does not work for the file '/home/nate/code/bli-tool/src/main/scala/Commands/Handlers.scala' because it doesn't belong to a build target.
WARN  no build target: /home/nate/code/bli-tool/src/main/scala/Commands/Handlers.scala
WARN  no build target: 
WARN  code navigation does not work for the file '/home/nate/code/bli-tool/src/main/scala/Commands/Handlers.scala' because it doesn't belong to a build target.
WARN  no build target: /home/nate/code/bli-tool/src/main/scala/Commands/Handlers.scala
WARN  no build target: 
WARN  code navigation does not work for the file '/home/nate/code/bli-tool/src/main/scala/Main.scala' because it doesn't belong to a build target.
WARN  no build target: /home/nate/code/bli-tool/src/main/scala/Main.scala
WARN  no build target: 
WARN  no build target: /home/nate/code/bli-tool/src/main/scala/Main.scala
WARN  no build target: 
WARN  no build target: /home/nate/code/bli-tool/src/main/scala/Main.scala
WARN  no build target: 
WARN  no build target: /home/nate/code/bli-tool/src/main/scala/Tests.scala
WARN  no build target: /home/nate/code/bli-tool/src/main/scala/Tests.scala
WARN  no build target: /home/nate/code/bli-tool/src/main/scala/Tests.scala
WARN  no build target: 
WARN  code navigation does not work for the file '/home/nate/code/bli-tool/src/main/scala/Main.scala' because it doesn't belong to a build target.
WARN  code navigation does not work for the file '/home/nate/code/bli-tool/src/main/scala/Main.scala' because it doesn't belong to a build target.
WARN  no build target: /home/nate/code/bli-tool/src/main/scala/Main.scala
WARN  no build target: 
WARN  code navigation does not work for the file '/home/nate/code/bli-tool/src/main/scala/Commands/Handlers.scala' because it doesn't belong to a build target.
WARN  no build target: /home/nate/code/bli-tool/src/main/scala/Commands/Handlers.scala
WARN  no build target: 
WARN  no build target: /home/nate/code/bli-tool/src/main/scala/Main.scala
WARN  no build target: 
WARN  no build target: /home/nate/code/bli-tool/src/main/scala/Main.scala
WARN  no build target: 
WARN  no build target: /home/nate/code/bli-tool/src/main/scala/Main.scala
WARN  no build target: 
WARN  no build target: /home/nate/code/bli-tool/src/main/scala/Config.scala
WARN  no build target: /home/nate/code/bli-tool/src/main/scala/Config.scala
WARN  no build target: /home/nate/code/bli-tool/src/main/scala/Main.scala
WARN  no build target: 
WARN  no build target: /home/nate/code/bli-tool/src/main/scala/Main.scala
WARN  no build target: 
WARN  code navigation does not work for the file '/home/nate/code/bli-tool/src/main/scala/Main.scala' because it doesn't belong to a build target.
WARN  code navigation does not work for the file '/home/nate/code/bli-tool/src/main/scala/Config.scala' because it doesn't belong to a build target.
WARN  code navigation does not work for the file '/home/nate/code/bli-tool/src/main/scala/Config.scala' because it doesn't belong to a build target.
WARN  no build target: /home/nate/code/bli-tool/src/main/scala/Config.scala
WARN  no build target: 
WARN  code navigation does not work for the file '/home/nate/code/bli-tool/src/main/scala/Config.scala' because it doesn't belong to a build target.
WARN  code navigation does not work for the file '/home/nate/code/bli-tool/src/main/scala/Config.scala' because it doesn't belong to a build target.
WARN  no build target: /home/nate/code/bli-tool/src/main/scala/Config.scala
WARN  no build target: 
WARN  code navigation does not work for the file '/home/nate/code/bli-tool/src/main/scala/Main.scala' because it doesn't belong to a build target.
WARN  no build target: /home/nate/code/bli-tool/src/main/scala/Main.scala
WARN  no build target: 
WARN  no build target: /home/nate/code/bli-tool/src/main/scala/Main.scala
WARN  no build target: 
WARN  no build target: /home/nate/code/bli-tool/src/main/scala/Config.scala
WARN  no build target: 
WARN  no build target: /home/nate/code/bli-tool/src/main/scala/Config.scala
WARN  no build target: 
WARN  no build target: /home/nate/code/bli-tool/src/main/scala/Config.scala
WARN  no build target: 
WARN  no build target: /home/nate/code/bli-tool/build.sbt
  /home/nate/code/bli-tool/build.sbt
INFO  running '/usr/lib/jvm/java-11-openjdk-amd64/bin/java -Djline.terminal=jline.UnsupportedTerminal -Dsbt.log.noformat=true -Dfile.encoding=UTF-8 -jar /tmp/metals5085274340469690603/sbt-launch.jar metalsEnable bloopInstall'
INFO  [info] Loading settings for project global-plugins from metals.sbt ...
INFO  [info] Loading global plugins from /home/nate/.sbt/1.0/plugins
INFO  [info] Updating ProjectRef(uri("file:/home/nate/.sbt/1.0/plugins/"), "global-plugins")...
INFO  [info] Done updating.
ERROR Waiting for lock on /home/nate/.ivy2/.sbt.ivy.lock to be available...
INFO  [info] Loading settings for project bli-tool-build from assembly.sbt ...
INFO  [info] Loading project definition from /home/nate/code/bli-tool/project
INFO  [info] Updating ProjectRef(uri("file:/home/nate/code/bli-tool/project/"), "bli-tool-build")...
ERROR Waiting for lock on /home/nate/.ivy2/.sbt.ivy.lock to be available...
INFO  [info] Done updating.
INFO  [warn] There may be incompatibilities among your library dependencies; run 'evicted' to see detailed eviction warnings.
INFO  [success] Generated .bloop/bli-tool-build.json
INFO  [success] Total time: 2 s, completed Sep 24, 2019, 10:40:41 PM
INFO  [info] Updating ProjectRef(uri("file:/home/nate/code/bli-tool/project/"), "bli-tool-build")...
INFO  [info] Done updating.
INFO  [warn] There may be incompatibilities among your library dependencies; run 'evicted' to see detailed eviction warnings.
INFO  [info] Loading settings for project bli-tool from build.sbt ...
INFO  [info] Set current project to bli-cli (in build file:/home/nate/code/bli-tool/)
INFO  [info] Set current project to bli-cli (in build file:/home/nate/code/bli-tool/)
INFO  [info] semanticdb-scalac is enabled
INFO  [info] Updating ...
INFO  [info] Done updating.
INFO  [info] downloading https://repo1.maven.org/maven2/org/yaml/snakeyaml/1.8/snakeyaml-1.8-sources.jar ...
INFO  [info] 	[SUCCESSFUL ] org.yaml#snakeyaml;1.8!snakeyaml.jar(src) (768ms)
INFO  [success] Generated .bloop/bli-tool.json
INFO  [success] Generated .bloop/bli-tool-test.json
INFO  [success] Total time: 1 s, completed Sep 24, 2019, 10:40:46 PM
INFO  build tool exit: 0
INFO  time: ran 'sbt bloopInstall' in 16s
WARN  code navigation does not work for the file '/home/nate/code/bli-tool/src/main/scala/Config.scala' because it doesn't belong to a build target.
WARN  no build target: /home/nate/code/bli-tool/src/main/scala/Config.scala
WARN  no build target: 
WARN  no build target: /home/nate/code/bli-tool/src/main/scala/Config.scala
WARN  no build target: 
WARN  no build target: /home/nate/code/bli-tool/src/main/scala/Config.scala
WARN  no build target: 
WARN  code navigation does not work for the file '/home/nate/code/bli-tool/src/main/scala/Config.scala' because it doesn't belong to a build target.
WARN  code navigation does not work for the file '/home/nate/code/bli-tool/src/main/scala/Config.scala' because it doesn't belong to a build target.
WARN  no build target: /home/nate/code/bli-tool/src/main/scala/Main.scala
WARN  no build target: 
WARN  code navigation does not work for the file '/home/nate/code/bli-tool/src/main/scala/Config.scala' because it doesn't belong to a build target.
WARN  code navigation does not work for the file '/home/nate/code/bli-tool/src/main/scala/Config.scala' because it doesn't belong to a build target.
WARN  code navigation does not work for the file '/home/nate/code/bli-tool/src/main/scala/Config.scala' because it doesn't belong to a build target.
WARN  no build target: /home/nate/code/bli-tool/src/main/scala/Config.scala
WARN  no build target: 
WARN  code navigation does not work for the file '/home/nate/code/bli-tool/src/main/scala/Config.scala' because it doesn't belong to a build target.
WARN  no build target: /home/nate/code/bli-tool/src/main/scala/Config.scala
WARN  no build target: 
WARN  no build target: /home/nate/code/bli-tool/src/main/scala/Config.scala
WARN  no build target: 
WARN  no build target: /home/nate/code/bli-tool/src/main/scala/Config.scala
WARN  no build target: 
WARN  no build target: /home/nate/code/bli-tool/src/main/scala/Config.scala
WARN  no build target: 
WARN  no build target: /home/nate/code/bli-tool/src/main/scala/Config.scala
WARN  no build target: 
WARN  no build target: /home/nate/code/bli-tool/src/main/scala/Config.scala
WARN  no build target: 
WARN  no build target: /home/nate/code/bli-tool/src/main/scala/Config.scala
WARN  no build target: 
WARN  code navigation does not work for the file '/home/nate/code/bli-tool/src/main/scala/Config.scala' because it doesn't belong to a build target.
WARN  no build target: /home/nate/code/bli-tool/src/main/scala/Config.scala
WARN  no build target: 
WARN  no build target: /home/nate/code/bli-tool/src/main/scala/Config.scala
WARN  no build target: 
WARN  no build target: /home/nate/code/bli-tool/src/main/scala/Config.scala
WARN  no build target: 
WARN  no build target: /home/nate/code/bli-tool/src/main/scala/Config.scala
WARN  no build target: 
WARN  no build target: /home/nate/code/bli-tool/src/main/scala/Config.scala
WARN  no build target: 
WARN  code navigation does not work for the file '/home/nate/code/bli-tool/src/main/scala/Main.scala' because it doesn't belong to a build target.
WARN  no build target: /home/nate/code/bli-tool/src/main/scala/Main.scala
WARN  no build target: 
WARN  code navigation does not work for the file '/home/nate/code/bli-tool/src/main/scala/Main.scala' because it doesn't belong to a build target.
WARN  no build target: /home/nate/code/bli-tool/src/main/scala/Main.scala
WARN  no build target: 
WARN  code navigation does not work for the file '/home/nate/code/bli-tool/src/main/scala/Main.scala' because it doesn't belong to a build target.
WARN  no build target: /home/nate/code/bli-tool/src/main/scala/Main.scala
WARN  no build target: 
WARN  code navigation does not work for the file '/home/nate/code/bli-tool/src/main/scala/Main.scala' because it doesn't belong to a build target.
WARN  code navigation does not work for the file '/home/nate/code/bli-tool/src/main/scala/Main.scala' because it doesn't belong to a build target.
WARN  code navigation does not work for the file '/home/nate/code/bli-tool/src/main/scala/Main.scala' because it doesn't belong to a build target.
WARN  no build target: /home/nate/code/bli-tool/src/main/scala/Main.scala
WARN  no build target: 
WARN  no build target: /home/nate/code/bli-tool/src/main/scala/Commands/Parse.scala
WARN  no build target: /home/nate/code/bli-tool/src/main/scala/Commands.scala
WARN  no build target: /home/nate/code/bli-tool/src/main/scala/Commands/Handlers.scala
WARN  no build target: 
WARN  no build target: /home/nate/code/bli-tool/src/main/scala/Commands/Handlers.scala
WARN  no build target: 
Sep 25, 2019 10:48:45 AM scala.meta.internal.pc.CompilerAccess handleError
SEVERE: offset 858, count -1, length 953
java.lang.StringIndexOutOfBoundsException: offset 858, count -1, length 953
	at java.base/java.lang.String.checkBoundsOffCount(String.java:3304)
	at java.base/java.lang.String.rangeCheck(String.java:280)
	at java.base/java.lang.String.<init>(String.java:276)
	at scala.tools.nsc.interactive.Global.typeCompletions$1(Global.scala:1230)
	at scala.tools.nsc.interactive.Global.completionsAt(Global.scala:1253)
	at scala.meta.internal.pc.SignatureHelpProvider.$anonfun$treeSymbol$1(SignatureHelpProvider.scala:359)
	at scala.Option.map(Option.scala:163)
	at scala.meta.internal.pc.SignatureHelpProvider.treeSymbol(SignatureHelpProvider.scala:358)
	at scala.meta.internal.pc.SignatureHelpProvider$MethodCall$.unapply(SignatureHelpProvider.scala:197)
	at scala.meta.internal.pc.SignatureHelpProvider$MethodCallTraverser.visit(SignatureHelpProvider.scala:305)
	at scala.meta.internal.pc.SignatureHelpProvider$MethodCallTraverser.traverse(SignatureHelpProvider.scala:300)
	at scala.meta.internal.pc.SignatureHelpProvider$MethodCallTraverser.fromTree(SignatureHelpProvider.scala:269)
	at scala.meta.internal.pc.SignatureHelpProvider.signatureHelp(SignatureHelpProvider.scala:26)

WARN  no build target: /home/nate/code/bli-tool/src/main/scala/Main.scala
WARN  no build target: 
WARN  no build target: /home/nate/code/bli-tool/src/main/scala/Commands.scala
WARN  no build target: 
WARN  no build target: /home/nate/code/bli-tool/src/main/scala/Commands/Handlers.scala
WARN  no build target: 
WARN  no build target: /home/nate/code/bli-tool/src/main/scala/Commands/Handlers.scala
WARN  no build target: 
WARN  no build target: /home/nate/code/bli-tool/src/main/scala/Commands/Parse.scala
WARN  no build target: /home/nate/code/bli-tool/src/main/scala/Commands/Parse.scala
WARN  no build target: 
WARN  code navigation does not work for the file '/home/nate/code/bli-tool/src/main/scala/Commands/Handlers.scala' because it doesn't belong to a build target.
WARN  code navigation does not work for the file '/home/nate/code/bli-tool/src/main/scala/Commands/Handlers.scala' because it doesn't belong to a build target.
WARN  code navigation does not work for the file '/home/nate/code/bli-tool/src/main/scala/Commands/Handlers.scala' because it doesn't belong to a build target.
WARN  no build target: /home/nate/code/bli-tool/src/main/scala/Commands/Handlers.scala
WARN  no build target: 
WARN  code navigation does not work for the file '/home/nate/code/bli-tool/src/main/scala/Commands/Handlers.scala' because it doesn't belong to a build target.
WARN  no build target: /home/nate/code/bli-tool/src/main/scala/Commands/Handlers.scala
WARN  no build target: 
WARN  code navigation does not work for the file '/home/nate/code/bli-tool/src/main/scala/Commands/Handlers.scala' because it doesn't belong to a build target.
WARN  no build target: /home/nate/code/bli-tool/src/main/scala/Commands/Handlers.scala
WARN  no build target: 
WARN  code navigation does not work for the file '/home/nate/code/bli-tool/src/main/scala/Commands/Handlers.scala' because it doesn't belong to a build target.
WARN  no build target: /home/nate/code/bli-tool/src/main/scala/Commands/Handlers.scala
WARN  no build target: 
WARN  code navigation does not work for the file '/home/nate/code/bli-tool/src/main/scala/Commands/Handlers.scala' because it doesn't belong to a build target.
WARN  no build target: /home/nate/code/bli-tool/src/main/scala/Commands/Handlers.scala
WARN  no build target: 
WARN  no build target: /home/nate/code/bli-tool/src/main/scala/Commands/Handlers.scala
WARN  no build target: 
WARN  no build target: /home/nate/code/bli-tool/src/main/scala/Commands/Handlers.scala
WARN  no build target: 
WARN  no build target: /home/nate/code/bli-tool/src/main/scala/Commands/Handlers.scala
WARN  no build target: 
WARN  no build target: /home/nate/code/bli-tool/src/main/scala/Commands/Handlers.scala
WARN  no build target: 
WARN  no build target: /home/nate/code/bli-tool/src/main/scala/Commands/Handlers.scala
WARN  no build target: 
WARN  no build target: /home/nate/code/bli-tool/src/main/scala/Commands/Handlers.scala
WARN  no build target: 
WARN  no build target: /home/nate/code/bli-tool/src/main/scala/Commands/Handlers.scala
WARN  no build target: 
WARN  code navigation does not work for the file '/home/nate/code/bli-tool/src/main/scala/Commands/Handlers.scala' because it doesn't belong to a build target.
WARN  no build target: /home/nate/code/bli-tool/src/main/scala/Commands/Handlers.scala
WARN  no build target: 
WARN  no build target: /home/nate/code/bli-tool/src/main/scala/Commands/Handlers.scala
WARN  no build target: 
WARN  no build target: /home/nate/code/bli-tool/src/main/scala/Commands/Handlers.scala
WARN  no build target: 
WARN  no build target: /home/nate/code/bli-tool/src/main/scala/Commands/Handlers.scala
WARN  no build target: 
WARN  no build target: /home/nate/code/bli-tool/src/main/scala/Commands/Handlers.scala
WARN  no build target: 
WARN  no build target: /home/nate/code/bli-tool/src/main/scala/Commands/Handlers.scala
WARN  no build target: 
WARN  no build target: /home/nate/code/bli-tool/src/main/scala/Commands/Handlers.scala
WARN  no build target: 
WARN  no build target: /home/nate/code/bli-tool/src/main/scala/Commands/Handlers.scala
WARN  no build target: 
WARN  no build target: /home/nate/code/bli-tool/src/main/scala/Commands/Handlers.scala
WARN  no build target: 
WARN  no build target: /home/nate/code/bli-tool/src/main/scala/Commands/Handlers.scala
WARN  no build target: 
WARN  code navigation does not work for the file '/home/nate/code/bli-tool/src/main/scala/Commands/Handlers.scala' because it doesn't belong to a build target.
WARN  no build target: /home/nate/code/bli-tool/src/main/scala/Commands/Handlers.scala
WARN  no build target: 
WARN  no build target: /home/nate/code/bli-tool/src/main/scala/Commands/Handlers.scala
WARN  no build target: 
WARN  code navigation does not work for the file '/home/nate/code/bli-tool/src/main/scala/Commands/Parse.scala' because it doesn't belong to a build target.
WARN  code navigation does not work for the file '/home/nate/code/bli-tool/src/main/scala/Commands/Parse.scala' because it doesn't belong to a build target.
WARN  code navigation does not work for the file '/home/nate/code/bli-tool/src/main/scala/Commands/Parse.scala' because it doesn't belong to a build target.
WARN  code navigation does not work for the file '/home/nate/code/bli-tool/src/main/scala/Commands/Parse.scala' because it doesn't belong to a build target.
WARN  no build target: /home/nate/code/bli-tool/src/main/scala/Commands/Parse.scala
WARN  no build target: 
WARN  no build target: /home/nate/code/bli-tool/src/main/scala/Commands/Parse.scala
WARN  no build target: 
WARN  no build target: /home/nate/code/bli-tool/src/main/scala/Commands/Parse.scala
WARN  no build target: 
WARN  no build target: /home/nate/code/bli-tool/src/main/scala/Commands/Parse.scala
WARN  no build target: 
WARN  no build target: /home/nate/code/bli-tool/src/main/scala/Commands/Parse.scala
WARN  no build target: 
WARN  no build target: /home/nate/code/bli-tool/src/main/scala/Commands/Parse.scala
WARN  no build target: 
WARN  code navigation does not work for the file '/home/nate/code/bli-tool/src/main/scala/Commands/Parse.scala' because it doesn't belong to a build target.
WARN  no build target: /home/nate/code/bli-tool/src/main/scala/Commands/Parse.scala
WARN  no build target: 
WARN  code navigation does not work for the file '/home/nate/code/bli-tool/src/main/scala/Commands/Parse.scala' because it doesn't belong to a build target.
WARN  no build target: /home/nate/code/bli-tool/src/main/scala/Commands/Parse.scala
WARN  no build target: 
WARN  no build target: /home/nate/code/bli-tool/src/main/scala/Commands/Parse.scala
WARN  no build target: 
WARN  no build target: /home/nate/code/bli-tool/src/main/scala/Commands/Parse.scala
WARN  no build target: 
WARN  code navigation does not work for the file '/home/nate/code/bli-tool/src/main/scala/Commands/Parse.scala' because it doesn't belong to a build target.
Sep 25, 2019 12:02:18 PM org.eclipse.lsp4j.jsonrpc.RemoteEndpoint handleCancellation
WARNING: Unmatched cancel notification for request id 6137
WARN  code navigation does not work for the file '/home/nate/code/bli-tool/src/main/scala/Commands/Parse.scala' because it doesn't belong to a build target.
WARN  code navigation does not work for the file '/home/nate/code/bli-tool/src/main/scala/Commands/Parse.scala' because it doesn't belong to a build target.
WARN  code navigation does not work for the file '/home/nate/code/bli-tool/src/main/scala/Commands/Parse.scala' because it doesn't belong to a build target.
WARN  no build target: /home/nate/code/bli-tool/src/main/scala/Commands/Parse.scala
WARN  no build target: 
WARN  no build target: /home/nate/code/bli-tool/src/main/scala/Commands/Parse.scala
WARN  no build target: 
WARN  code navigation does not work for the file '/home/nate/code/bli-tool/src/main/scala/Commands/Parse.scala' because it doesn't belong to a build target.
WARN  code navigation does not work for the file '/home/nate/code/bli-tool/src/main/scala/Commands/Parse.scala' because it doesn't belong to a build target.
WARN  no build target: /home/nate/code/bli-tool/src/main/scala/Commands/Parse.scala
WARN  no build target: 
WARN  no build target: /home/nate/code/bli-tool/src/main/scala/Commands/Parse.scala
WARN  no build target: 
WARN  code navigation does not work for the file '/home/nate/code/bli-tool/src/main/scala/Commands/Parse.scala' because it doesn't belong to a build target.
WARN  code navigation does not work for the file '/home/nate/code/bli-tool/src/main/scala/Commands.scala' because it doesn't belong to a build target.
WARN  code navigation does not work for the file '/home/nate/code/bli-tool/src/main/scala/Commands.scala' because it doesn't belong to a build target.
WARN  code navigation does not work for the file '/home/nate/code/bli-tool/src/main/scala/Commands.scala' because it doesn't belong to a build target.
WARN  code navigation does not work for the file '/home/nate/code/bli-tool/src/main/scala/Commands.scala' because it doesn't belong to a build target.
WARN  code navigation does not work for the file '/home/nate/code/bli-tool/src/main/scala/Commands.scala' because it doesn't belong to a build target.
WARN  code navigation does not work for the file '/home/nate/code/bli-tool/src/main/scala/Commands.scala' because it doesn't belong to a build target.
WARN  code navigation does not work for the file '/home/nate/code/bli-tool/src/main/scala/Commands.scala' because it doesn't belong to a build target.
WARN  code navigation does not work for the file '/home/nate/code/bli-tool/src/main/scala/Commands.scala' because it doesn't belong to a build target.
WARN  code navigation does not work for the file '/home/nate/code/bli-tool/src/main/scala/Commands.scala' because it doesn't belong to a build target.
WARN  code navigation does not work for the file '/home/nate/code/bli-tool/src/main/scala/Commands.scala' because it doesn't belong to a build target.
WARN  no build target: /home/nate/code/bli-tool/src/main/scala/Commands.scala
WARN  no build target: 
WARN  code navigation does not work for the file '/home/nate/code/bli-tool/src/main/scala/Commands/Handlers.scala' because it doesn't belong to a build target.
WARN  no build target: /home/nate/code/bli-tool/src/main/scala/Commands/Handlers.scala
WARN  no build target: 
WARN  no build target: /home/nate/code/bli-tool/src/main/scala/Commands.scala
WARN  no build target: 
WARN  code navigation does not work for the file '/home/nate/code/bli-tool/src/main/scala/Commands/Parse.scala' because it doesn't belong to a build target.
WARN  no build target: /home/nate/code/bli-tool/src/main/scala/Commands/Parse.scala
WARN  no build target: 
WARN  no build target: /home/nate/code/bli-tool/src/main/scala/Commands/Parse.scala
WARN  no build target: 
WARN  code navigation does not work for the file '/home/nate/code/bli-tool/src/main/scala/Commands/Parse.scala' because it doesn't belong to a build target.
WARN  no build target: /home/nate/code/bli-tool/src/main/scala/Commands/Parse.scala
WARN  no build target: 
WARN  no build target: /home/nate/code/bli-tool/src/main/scala/Commands.scala
WARN  no build target: 
WARN  code navigation does not work for the file '/home/nate/code/bli-tool/src/main/scala/Commands/Parse.scala' because it doesn't belong to a build target.
something's wrong: no file:///home/nate/code/bli-tool/src/main/scala/Commands/Parse.scala in Array[String]RangePosition(file:///home/nate/code/bli-tool/src/main/scala/Commands/Parse.scala, 156, 156, 169)
WARN  no build target: /home/nate/code/bli-tool/src/main/scala/Commands/Parse.scala
WARN  no build target: 
WARN  no build target: /home/nate/code/bli-tool/src/main/scala/Commands/Parse.scala
WARN  no build target: 
WARN  no build target: /home/nate/code/bli-tool/src/main/scala/Main.scala
WARN  no build target: 
WARN  code navigation does not work for the file '/home/nate/code/bli-tool/src/main/scala/Main.scala' because it doesn't belong to a build target.
WARN  no build target: /home/nate/code/bli-tool/src/main/scala/Main.scala
WARN  no build target: 
WARN  no build target: /home/nate/code/bli-tool/src/main/scala/Commands/Handlers.scala
WARN  no build target: 
WARN  code navigation does not work for the file '/home/nate/code/bli-tool/src/main/scala/Commands/Handlers.scala' because it doesn't belong to a build target.
WARN  no build target: /home/nate/code/bli-tool/src/main/scala/Commands/Handlers.scala
WARN  no build target: 
WARN  code navigation does not work for the file '/home/nate/code/bli-tool/src/main/scala/Commands/Handlers.scala' because it doesn't belong to a build target.
WARN  no build target: /home/nate/code/bli-tool/src/main/scala/Commands/Handlers.scala
WARN  no build target: 
